<?xml version="1.0" encoding="UTF-8"?>
<!-- Generated by org.testng.reporters.JUnitReportReporter -->
<testsuite hostname="DESKTOP-LFP0NHK" failures="0" tests="1" name="test_supermarket.AdminSearchTest" time="9.362" errors="0" timestamp="2025-10-15T10:46:35 IST" skipped="0">
  <testcase classname="test_supermarket.AdminSearchTest" name="searchForUsers" time="9.362"/>
</testsuite> <!-- test_supermarket.AdminSearchTest -->
