<?xml version="1.0" encoding="UTF-8"?>
<!-- Generated by org.testng.reporters.JUnitReportReporter -->
<testsuite hostname="DESKTOP-LFP0NHK" failures="0" tests="1" name="test_supermarket.ManageNewsTest" time="14.708" errors="0" timestamp="2025-10-22T11:31:53 IST" skipped="0">
  <testcase classname="test_supermarket.ManageNewsTest" name="addNews" time="14.708"/>
</testsuite> <!-- test_supermarket.ManageNewsTest -->
