<?xml version="1.0" encoding="UTF-8"?>
<!-- Generated by org.testng.reporters.JUnitReportReporter -->
<testsuite hostname="DESKTOP-LFP0NHK" failures="0" tests="1" name="test_supermarket.AdminUserPageTest" time="15.164" errors="0" timestamp="2025-10-17T11:43:18 IST" skipped="0">
  <testcase classname="test_supermarket.AdminUserPageTest" name="adminUserMoreInfo" time="15.164"/>
</testsuite> <!-- test_supermarket.AdminUserPageTest -->
