<?xml version="1.0" encoding="UTF-8"?>
<!-- Generated by org.testng.reporters.JUnitReportReporter -->
<testsuite hostname="DESKTOP-LFP0NHK" failures="0" tests="1" name="test_supermarket.ManageNewsSearchTest" time="10.925" errors="0" timestamp="2025-10-18T23:04:25 IST" skipped="0">
  <testcase classname="test_supermarket.ManageNewsSearchTest" name="manageNewsSearchMethod" time="10.925"/>
</testsuite> <!-- test_supermarket.ManageNewsSearchTest -->
